# JRE version: Java(TM) SE Runtime Environment (17.0.12+8) (build 17.0.12+8-LTS-286)
# Java VM: Java HotSpot(TM) 64-Bit Server VM (17.0.12+8-LTS-286, mixed mode, sharing, tiered, compressed oops, compressed class ptrs, g1 gc, windows-amd64)
GC Precious Log:
 CPUs: 8 total, 8 available
 Memory: 7975M
 Large Page Support: Disabled
 NUMA Support: Disabled
 Compressed Oops: Enabled (32-bit)
 Heap Region Size: 1M
 Heap Min Capacity: 8M
 Heap Initial Capacity: 126M
 Heap Max Capacity: 1994M
 Pre-touch: Disabled
 Parallel Workers: 8
 Concurrent Workers: 2
 Concurrent Refinement Workers: 8
 Periodic GC: Disabled
Heap:
 garbage-first heap   total 199680K, used 159214K [0x0000000083600000, 0x0000000100000000)
  region size 1024K, 94 young (96256K), 11 survivors (11264K)
 Metaspace       used 93968K, committed 94656K, reserved 1179648K
  class space    used 12846K, committed 13184K, reserved 1048576K
GC Heap History (20 events):
Event: 12.781 GC heap before
{Heap before GC invocations=18 (full 0):
 garbage-first heap   total 119808K, used 97276K [0x0000000083600000, 0x0000000100000000)
  region size 1024K, 45 young (46080K), 2 survivors (2048K)
 Metaspace       used 75262K, committed 75840K, reserved 1179648K
  class space    used 10092K, committed 10368K, reserved 1048576K
}
Event: 12.785 GC heap after
{Heap after GC invocations=19 (full 0):
 garbage-first heap   total 119808K, used 54616K [0x0000000083600000, 0x0000000100000000)
  region size 1024K, 4 young (4096K), 4 survivors (4096K)
 Metaspace       used 75262K, committed 75840K, reserved 1179648K
  class space    used 10092K, committed 10368K, reserved 1048576K
}
Event: 13.082 GC heap before
{Heap before GC invocations=19 (full 0):
 garbage-first heap   total 119808K, used 97624K [0x0000000083600000, 0x0000000100000000)
  region size 1024K, 46 young (47104K), 4 survivors (4096K)
 Metaspace       used 75764K, committed 76352K, reserved 1179648K
  class space    used 10147K, committed 10432K, reserved 1048576K
}
Event: 13.087 GC heap after
{Heap after GC invocations=20 (full 0):
 garbage-first heap   total 119808K, used 56132K [0x0000000083600000, 0x0000000100000000)
  region size 1024K, 4 young (4096K), 4 survivors (4096K)
 Metaspace       used 75764K, committed 76352K, reserved 1179648K
  class space    used 10147K, committed 10432K, reserved 1048576K
}
Event: 13.444 GC heap before
{Heap before GC invocations=20 (full 0):
 garbage-first heap   total 119808K, used 99140K [0x0000000083600000, 0x0000000100000000)
  region size 1024K, 46 young (47104K), 4 survivors (4096K)
 Metaspace       used 77227K, committed 77760K, reserved 1179648K
  class space    used 10352K, committed 10624K, reserved 1048576K
}
Event: 13.449 GC heap after
{Heap after GC invocations=21 (full 0):
 garbage-first heap   total 165888K, used 57370K [0x0000000083600000, 0x0000000100000000)
  region size 1024K, 5 young (5120K), 5 survivors (5120K)
 Metaspace       used 77227K, committed 77760K, reserved 1179648K
  class space    used 10352K, committed 10624K, reserved 1048576K
}
Event: 14.020 GC heap before
{Heap before GC invocations=21 (full 0):
 garbage-first heap   total 165888K, used 137242K [0x0000000083600000, 0x0000000100000000)
  region size 1024K, 83 young (84992K), 5 survivors (5120K)
 Metaspace       used 78402K, committed 78976K, reserved 1179648K
  class space    used 10512K, committed 10752K, reserved 1048576K
}
Event: 14.027 GC heap after
{Heap after GC invocations=22 (full 0):
 garbage-first heap   total 165888K, used 59504K [0x0000000083600000, 0x0000000100000000)
  region size 1024K, 7 young (7168K), 7 survivors (7168K)
 Metaspace       used 78402K, committed 78976K, reserved 1179648K
  class space    used 10512K, committed 10752K, reserved 1048576K
}
Event: 14.541 GC heap before
{Heap before GC invocations=22 (full 0):
 garbage-first heap   total 165888K, used 138352K [0x0000000083600000, 0x0000000100000000)
  region size 1024K, 84 young (86016K), 7 survivors (7168K)
 Metaspace       used 83050K, committed 83648K, reserved 1179648K
  class space    used 11345K, committed 11584K, reserved 1048576K
}
Event: 14.547 GC heap after
{Heap after GC invocations=23 (full 0):
 garbage-first heap   total 165888K, used 62473K [0x0000000083600000, 0x0000000100000000)
  region size 1024K, 8 young (8192K), 8 survivors (8192K)
 Metaspace       used 83050K, committed 83648K, reserved 1179648K
  class space    used 11345K, committed 11584K, reserved 1048576K
}
Event: 15.163 GC heap before
{Heap before GC invocations=23 (full 0):
 garbage-first heap   total 165888K, used 137225K [0x0000000083600000, 0x0000000100000000)
  region size 1024K, 82 young (83968K), 8 survivors (8192K)
 Metaspace       used 85762K, committed 86336K, reserved 1179648K
  class space    used 11725K, committed 11968K, reserved 1048576K
}
Event: 15.171 GC heap after
{Heap after GC invocations=24 (full 0):
 garbage-first heap   total 165888K, used 65830K [0x0000000083600000, 0x0000000100000000)
  region size 1024K, 9 young (9216K), 9 survivors (9216K)
 Metaspace       used 85762K, committed 86336K, reserved 1179648K
  class space    used 11725K, committed 11968K, reserved 1048576K
}
Event: 15.676 GC heap before
{Heap before GC invocations=24 (full 0):
 garbage-first heap   total 165888K, used 138534K [0x0000000083600000, 0x0000000100000000)
  region size 1024K, 80 young (81920K), 9 survivors (9216K)
 Metaspace       used 86968K, committed 87552K, reserved 1179648K
  class space    used 11892K, committed 12160K, reserved 1048576K
}
Event: 15.684 GC heap after
{Heap after GC invocations=25 (full 0):
 garbage-first heap   total 165888K, used 67679K [0x0000000083600000, 0x0000000100000000)
  region size 1024K, 6 young (6144K), 6 survivors (6144K)
 Metaspace       used 86968K, committed 87552K, reserved 1179648K
  class space    used 11892K, committed 12160K, reserved 1048576K
}
Event: 16.032 GC heap before
{Heap before GC invocations=25 (full 0):
 garbage-first heap   total 165888K, used 139359K [0x0000000083600000, 0x0000000100000000)
  region size 1024K, 76 young (77824K), 6 survivors (6144K)
 Metaspace       used 87528K, committed 88064K, reserved 1179648K
  class space    used 11986K, committed 12224K, reserved 1048576K
}
Event: 16.039 GC heap after
{Heap after GC invocations=26 (full 0):
 garbage-first heap   total 199680K, used 69113K [0x0000000083600000, 0x0000000100000000)
  region size 1024K, 7 young (7168K), 7 survivors (7168K)
 Metaspace       used 87528K, committed 88064K, reserved 1179648K
  class space    used 11986K, committed 12224K, reserved 1048576K
}
Event: 16.607 GC heap before
{Heap before GC invocations=26 (full 0):
 garbage-first heap   total 199680K, used 169465K [0x0000000083600000, 0x0000000100000000)
  region size 1024K, 105 young (107520K), 7 survivors (7168K)
 Metaspace       used 88890K, committed 89408K, reserved 1179648K
  class space    used 12185K, committed 12416K, reserved 1048576K
}
Event: 16.616 GC heap after
{Heap after GC invocations=27 (full 0):
 garbage-first heap   total 199680K, used 71884K [0x0000000083600000, 0x0000000100000000)
  region size 1024K, 10 young (10240K), 10 survivors (10240K)
 Metaspace       used 88890K, committed 89408K, reserved 1179648K
  class space    used 12185K, committed 12416K, reserved 1048576K
}
Event: 17.076 GC heap before
{Heap before GC invocations=27 (full 0):
 garbage-first heap   total 199680K, used 168140K [0x0000000083600000, 0x0000000100000000)
  region size 1024K, 104 young (106496K), 10 survivors (10240K)
 Metaspace       used 89842K, committed 90496K, reserved 1179648K
  class space    used 12312K, committed 12608K, reserved 1048576K
}
Event: 17.086 GC heap after
{Heap after GC invocations=28 (full 0):
 garbage-first heap   total 199680K, used 75246K [0x0000000083600000, 0x0000000100000000)
  region size 1024K, 11 young (11264K), 11 survivors (11264K)
 Metaspace       used 89842K, committed 90496K, reserved 1179648K
  class space    used 12312K, committed 12608K, reserved 1048576K
}

